# JRE version: OpenJDK Runtime Environment (8.0_152-b01) (build 1.8.0_152-release-915-b01)
# Java VM: OpenJDK 64-Bit Server VM (25.152-b01 mixed mode windows-amd64 compressed oops)
Heap:
 PSYoungGen      total 482304K, used 455511K [0x00000000e0000000, 0x00000000fff00000, 0x0000000100000000)
  eden space 440320K, 98% used [0x00000000e0000000,0x00000000fa574800,0x00000000fae00000)
  from space 41984K, 57% used [0x00000000fae00000,0x00000000fc5614c0,0x00000000fd700000)
  to   space 40960K, 0% used [0x00000000fd700000,0x00000000fd700000,0x00000000fff00000)
 ParOldGen       total 285696K, used 141344K [0x00000000a0000000, 0x00000000b1700000, 0x00000000e0000000)
  object space 285696K, 49% used [0x00000000a0000000,0x00000000a8a08258,0x00000000b1700000)
 Metaspace       used 95572K, capacity 104702K, committed 104960K, reserved 1140736K
  class space    used 11886K, capacity 14040K, committed 14080K, reserved 1048576K
GC Heap History (10 events):
Event: 24379.891 GC heap before
{Heap before GC invocations=61 (full 4):
 PSYoungGen      total 477184K, used 450189K [0x00000000e0000000, 0x00000000ffa80000, 0x0000000100000000)
  eden space 434176K, 100% used [0x00000000e0000000,0x00000000fa800000,0x00000000fa800000)
  from space 43008K, 37% used [0x00000000fd080000,0x00000000fe023558,0x00000000ffa80000)
  to   space 41472K, 0% used [0x00000000fa800000,0x00000000fa800000,0x00000000fd080000)
 ParOldGen       total 285696K, used 138488K [0x00000000a0000000, 0x00000000b1700000, 0x00000000e0000000)
  object space 285696K, 48% used [0x00000000a0000000,0x00000000a873e190,0x00000000b1700000)
 Metaspace       used 94756K, capacity 103316K, committed 103424K, reserved 1138688K
  class space    used 11780K, capacity 13771K, committed 13824K, reserved 1048576K
Event: 24379.950 GC heap after
Heap after GC invocations=61 (full 4):
 PSYoungGen      total 475648K, used 21438K [0x00000000e0000000, 0x00000000ffb80000, 0x0000000100000000)
  eden space 434176K, 0% used [0x00000000e0000000,0x00000000e0000000,0x00000000fa800000)
  from space 41472K, 51% used [0x00000000fa800000,0x00000000fbcefac0,0x00000000fd080000)
  to   space 39936K, 0% used [0x00000000fd480000,0x00000000fd480000,0x00000000ffb80000)
 ParOldGen       total 285696K, used 140169K [0x00000000a0000000, 0x00000000b1700000, 0x00000000e0000000)
  object space 285696K, 49% used [0x00000000a0000000,0x00000000a88e27f8,0x00000000b1700000)
 Metaspace       used 94756K, capacity 103316K, committed 103424K, reserved 1138688K
  class space    used 11780K, capacity 13771K, committed 13824K, reserved 1048576K
}
Event: 24522.935 GC heap before
{Heap before GC invocations=62 (full 4):
 PSYoungGen      total 475648K, used 455614K [0x00000000e0000000, 0x00000000ffb80000, 0x0000000100000000)
  eden space 434176K, 100% used [0x00000000e0000000,0x00000000fa800000,0x00000000fa800000)
  from space 41472K, 51% used [0x00000000fa800000,0x00000000fbcefac0,0x00000000fd080000)
  to   space 39936K, 0% used [0x00000000fd480000,0x00000000fd480000,0x00000000ffb80000)
 ParOldGen       total 285696K, used 140169K [0x00000000a0000000, 0x00000000b1700000, 0x00000000e0000000)
  object space 285696K, 49% used [0x00000000a0000000,0x00000000a88e27f8,0x00000000b1700000)
 Metaspace       used 94893K, capacity 103548K, committed 103680K, reserved 1138688K
  class space    used 11796K, capacity 13819K, committed 13824K, reserved 1048576K
Event: 24522.989 GC heap after
Heap after GC invocations=62 (full 4):
 PSYoungGen      total 479744K, used 24455K [0x00000000e0000000, 0x00000000ffe80000, 0x0000000100000000)
  eden space 439808K, 0% used [0x00000000e0000000,0x00000000e0000000,0x00000000fad80000)
  from space 39936K, 61% used [0x00000000fd480000,0x00000000fec61fe0,0x00000000ffb80000)
  to   space 39936K, 0% used [0x00000000fad80000,0x00000000fad80000,0x00000000fd480000)
 ParOldGen       total 285696K, used 140469K [0x00000000a0000000, 0x00000000b1700000, 0x00000000e0000000)
  object space 285696K, 49% used [0x00000000a0000000,0x00000000a892d6f0,0x00000000b1700000)
 Metaspace       used 94893K, capacity 103548K, committed 103680K, reserved 1138688K
  class space    used 11796K, capacity 13819K, committed 13824K, reserved 1048576K
}
Event: 24529.511 GC heap before
{Heap before GC invocations=63 (full 4):
 PSYoungGen      total 479744K, used 464263K [0x00000000e0000000, 0x00000000ffe80000, 0x0000000100000000)
  eden space 439808K, 100% used [0x00000000e0000000,0x00000000fad80000,0x00000000fad80000)
  from space 39936K, 61% used [0x00000000fd480000,0x00000000fec61fe0,0x00000000ffb80000)
  to   space 39936K, 0% used [0x00000000fad80000,0x00000000fad80000,0x00000000fd480000)
 ParOldGen       total 285696K, used 140469K [0x00000000a0000000, 0x00000000b1700000, 0x00000000e0000000)
  object space 285696K, 49% used [0x00000000a0000000,0x00000000a892d6f0,0x00000000b1700000)
 Metaspace       used 94921K, capacity 103552K, committed 103680K, reserved 1138688K
  class space    used 11796K, capacity 13819K, committed 13824K, reserved 1048576K
Event: 24529.599 GC heap after
Heap after GC invocations=63 (full 4):
 PSYoungGen      total 479744K, used 27053K [0x00000000e0000000, 0x0000000100000000, 0x0000000100000000)
  eden space 439808K, 0% used [0x00000000e0000000,0x00000000e0000000,0x00000000fad80000)
  from space 39936K, 67% used [0x00000000fad80000,0x00000000fc7eb6b8,0x00000000fd480000)
  to   space 40960K, 0% used [0x00000000fd800000,0x00000000fd800000,0x0000000100000000)
 ParOldGen       total 285696K, used 140669K [0x00000000a0000000, 0x00000000b1700000, 0x00000000e0000000)
  object space 285696K, 49% used [0x00000000a0000000,0x00000000a895f558,0x00000000b1700000)
 Metaspace       used 94921K, capacity 103552K, committed 103680K, reserved 1138688K
  class space    used 11796K, capacity 13819K, committed 13824K, reserved 1048576K
}
Event: 24749.533 GC heap before
{Heap before GC invocations=64 (full 4):
 PSYoungGen      total 479744K, used 466861K [0x00000000e0000000, 0x0000000100000000, 0x0000000100000000)
  eden space 439808K, 100% used [0x00000000e0000000,0x00000000fad80000,0x00000000fad80000)
  from space 39936K, 67% used [0x00000000fad80000,0x00000000fc7eb6b8,0x00000000fd480000)
  to   space 40960K, 0% used [0x00000000fd800000,0x00000000fd800000,0x0000000100000000)
 ParOldGen       total 285696K, used 140669K [0x00000000a0000000, 0x00000000b1700000, 0x00000000e0000000)
  object space 285696K, 49% used [0x00000000a0000000,0x00000000a895f558,0x00000000b1700000)
 Metaspace       used 95023K, capacity 103748K, committed 104064K, reserved 1138688K
  class space    used 11808K, capacity 13861K, committed 13952K, reserved 1048576K
Event: 24749.761 GC heap after
Heap after GC invocations=64 (full 4):
 PSYoungGen      total 481280K, used 29253K [0x00000000e0000000, 0x0000000100000000, 0x0000000100000000)
  eden space 440320K, 0% used [0x00000000e0000000,0x00000000e0000000,0x00000000fae00000)
  from space 40960K, 71% used [0x00000000fd800000,0x00000000ff491720,0x0000000100000000)
  to   space 41984K, 0% used [0x00000000fae00000,0x00000000fae00000,0x00000000fd700000)
 ParOldGen       total 285696K, used 141044K [0x00000000a0000000, 0x00000000b1700000, 0x00000000e0000000)
  object space 285696K, 49% used [0x00000000a0000000,0x00000000a89bd3d8,0x00000000b1700000)
 Metaspace       used 95023K, capacity 103748K, committed 104064K, reserved 1138688K
  class space    used 11808K, capacity 13861K, committed 13952K, reserved 1048576K
}
Event: 25974.911 GC heap before
{Heap before GC invocations=65 (full 4):
 PSYoungGen      total 481280K, used 469573K [0x00000000e0000000, 0x0000000100000000, 0x0000000100000000)
  eden space 440320K, 100% used [0x00000000e0000000,0x00000000fae00000,0x00000000fae00000)
  from space 40960K, 71% used [0x00000000fd800000,0x00000000ff491720,0x0000000100000000)
  to   space 41984K, 0% used [0x00000000fae00000,0x00000000fae00000,0x00000000fd700000)
 ParOldGen       total 285696K, used 141044K [0x00000000a0000000, 0x00000000b1700000, 0x00000000e0000000)
  object space 285696K, 49% used [0x00000000a0000000,0x00000000a89bd3d8,0x00000000b1700000)
 Metaspace       used 95413K, capacity 104482K, committed 104704K, reserved 1140736K
  class space    used 11871K, capacity 13994K, committed 14080K, reserved 1048576K
Event: 25974.944 GC heap after
Heap after GC invocations=65 (full 4):
 PSYoungGen      total 482304K, used 23941K [0x00000000e0000000, 0x00000000fff00000, 0x0000000100000000)
  eden space 440320K, 0% used [0x00000000e0000000,0x00000000e0000000,0x00000000fae00000)
  from space 41984K, 57% used [0x00000000fae00000,0x00000000fc5614c0,0x00000000fd700000)
  to   space 40960K, 0% used [0x00000000fd700000,0x00000000fd700000,0x00000000fff00000)
 ParOldGen       total 285696K, used 141344K [0x00000000a0000000, 0x00000000b1700000, 0x00000000e0000000)
  object space 285696K, 49% used [0x00000000a0000000,0x00000000a8a08258,0x00000000b1700000)
 Metaspace       used 95413K, capacity 104482K, committed 104704K, reserved 1140736K
  class space    used 11871K, capacity 13994K, committed 14080K, reserved 1048576K
}

